Mesh generation started:	26.2.2009	10:19:15
Current CPU = 0 sec
/-----------------------------------------------------------/
Geometries initialization:

CFacesDB3::InitGeometry(0)
Number of geometries: 1
Geometry(0):
	Fluid..
	7 Bodies.
	Tolerance=1.15495e-05.
	1262 Faces.
	94400 Triangles.
	1262 Reference Faces.
	91012 Reference Triangles.
	600 Plane surface(s).
	67 Cylinder surface(s).
	36 Torus surface(s).
	2 B- surface(s).
	17 Blending surface(s).
	540 Extrude surface(s).
	Preparing structures for Triangles:
		Hash size: {36, 68, 118}.
		Mesh size: {36, 34, 59}.
		Hashing triangles...Ok.
		Making triangles connectivity...Ok. (1.312 s).
		Neighbour triangles: 100.00 % (good connect) - 0.00 % (bad connect). Min: 3. Max: 3.
		Done.
	Preparing structures for Reference Triangles:
		Hashing triangles...Ok.
		Making triangles connectivity...Ok. (1.094 s).
		Neighbour triangles: Min: 1. Max: 3.
		Done.
Last Geometry:
	Solid.

FacesDB serialize (C:\Documents and Settings\mplanchard\My Documents\Test-Flowfolder\Final\2\2.fbd)...OK.
/-----------------------------------------------------------/

Current CPU = 23 sec
Flow Simulation 2009 0.0 / 706 / MESHER ver. efd2009.677_05.08.2008 

Project: C:\Documents and Settings\mplanchard\My Documents\Test-Flowfolder\Final\2\2.fwp
Computer name:	MKT-MPLANC3-SWK
Operating system:	Microsoft Windows XP Professional Service Pack 2 (Build 2600)

SolidWorks 2009 SP0.0

/***************Mesh info************************/
Mesh dimensions:
				I[0 ]=36
				I[1 ]=34
				I[2 ]=59
Capture level			I[10]=1
Cells per gap size		I[13]=7
Max. volume ref.level	I[14]=1
Body boundary ref.level	I[20]=0
Solver refinement level	I[47]=0

Optimize thin walls resolution   On
Thin walls parcon                On

Comp. domain size:
				a[0  ]=-0.16
				a[1  ]=0.16
				a[2  ]=-0.15
				a[3  ]=0.15
				a[4  ]=-0.21
				a[5  ]=0.31
Wall thickness		a[231]=0.056
Gap size			a[232]=0.056
/************************************************/

Standart version
1. Initial memory allocation.
3. Base mesh generation.
Hashing geometries triangles
	Triangles num=33930
	Triangles box={-0.0341  ,0.0341  ,-0.00599968  ,0.05  ,-1.35822e-18  ,0.21  }
		3d-hash size is 510308 bytes
		Making triangles connectivity...Ok. (0.578 s).
		Neighbour triangles: 100.00 % (good connect) - 0.00 % (bad connect). Min: 3. Max: 3.
Hashing peculiar surfaces triangles
Base mesh info------------------
	2D flag  =0
	Period   =[0, 0, 0]
	Nx=36
		x[0]=-0.16
		x[1]=-0.147821
		x[2]=-0.136138
		x[3]=-0.124928
		x[4]=-0.114171
		x[5]=-0.103849
		x[6]=-0.0939451
		x[7]=-0.0844415
		x[8]=-0.0753223
		x[9]=-0.0665719
		x[10]=-0.0581754
		x[11]=-0.0501186
		x[12]=-0.0423876
		x[13]=-0.0349693
		x[14]=-0.0275509
		x[15]=-0.020351
		x[16]=-0.0133629
		x[17]=-0.00658062
		x[18]=2.06736e-06
		x[19]=0.00658482
		x[20]=0.0133673
		x[21]=0.0203554
		x[22]=0.0275555
		x[23]=0.034974
		x[24]=0.0423923
		x[25]=0.0501235
		x[26]=0.0581806
		x[27]=0.0665773
		x[28]=0.0753279
		x[29]=0.0844473
		x[30]=0.0939512
		x[31]=0.103856
		x[32]=0.114178
		x[33]=0.124935
		x[34]=0.136145
		x[35]=0.147828
		x[36]=0.16
	Ny=34
		y[0]=-0.15
		y[1]=-0.137242
		y[2]=-0.125018
		y[3]=-0.113301
		y[4]=-0.102071
		y[5]=-0.0913075
		y[6]=-0.080991
		y[7]=-0.0711031
		y[8]=-0.0616259
		y[9]=-0.0525423
		y[10]=-0.043836
		y[11]=-0.0354914
		y[12]=-0.0274934
		y[13]=-0.0198276
		y[14]=-0.0124803
		y[15]=-0.00543809
		y[16]=0.00160418
		y[17]=0.00852347
		y[18]=0.015322
		y[19]=0.0220018
		y[20]=0.0286817
		y[21]=0.0354803
		y[22]=0.0423996
		y[23]=0.0494419
		y[24]=0.0564842
		y[25]=0.0638855
		y[26]=0.0716642
		y[27]=0.0798394
		y[28]=0.0884313
		y[29]=0.0974612
		y[30]=0.106951
		y[31]=0.116925
		y[32]=0.127408
		y[33]=0.138425
		y[34]=0.15
	Nz=59
		z[0]=-0.21
		z[1]=-0.197523
		z[2]=-0.185558
		z[3]=-0.174082
		z[4]=-0.163075
		z[5]=-0.152518
		z[6]=-0.142392
		z[7]=-0.13268
		z[8]=-0.123364
		z[9]=-0.114429
		z[10]=-0.105494
		z[11]=-0.096604
		z[12]=-0.0877589
		z[13]=-0.0789586
		z[14]=-0.0702028
		z[15]=-0.0614911
		z[16]=-0.0528235
		z[17]=-0.0441997
		z[18]=-0.0356195
		z[19]=-0.0270826
		z[20]=-0.0185889
		z[21]=-0.0101381
		z[22]=-0.00172999
		z[23]=0.00663564
		z[24]=0.014959
		z[25]=0.0232403
		z[26]=0.0314797
		z[27]=0.0396776
		z[28]=0.0478339
		z[29]=0.0559491
		z[30]=0.0640233
		z[31]=0.0720567
		z[32]=0.0800494
		z[33]=0.0880018
		z[34]=0.095914
		z[35]=0.103786
		z[36]=0.111659
		z[37]=0.119524
		z[38]=0.127384
		z[39]=0.135237
		z[40]=0.143084
		z[41]=0.150924
		z[42]=0.158758
		z[43]=0.166586
		z[44]=0.174407
		z[45]=0.182222
		z[46]=0.190031
		z[47]=0.197833
		z[48]=0.205629
		z[49]=0.213418
		z[50]=0.221202
		z[51]=0.228985
		z[52]=0.237222
		z[53]=0.245939
		z[54]=0.255163
		z[55]=0.264926
		z[56]=0.275256
		z[57]=0.286189
		z[58]=0.297759
		z[59]=0.31
End of base mesh info---------
Input_mesh_settings--------------------------------
Settings 0----------------
	Scope: GLOBAL
	Type:MANUAL
	------MESHER_SETTINGS----------
	RefAllCells           =0
	RefFluidCells         =0
	RefPartCells          =0
	RefSolidCells         =0
	l_SSFR(Capture crit)  =1
	l_curv(Curvature crit)=0
	l_tol(Tolerance crit) =0
	UseChannelRef         =1
	  l_NCR               =1
	  N_gap               =7
	  Use d_NCR_min       =0
	  Use d_NCR_max       =0
	--END_OF_MESHER_SETTINGS-------
End of input mesh settings-------------------------
/--------Building geometries-------------------------/
Building geometry Fluid.0.(0)...
	Collecting ray's...OK
	Refining by triangulation...OK
		Refining by triangulation takes 0.094 s
	Refining peculiar surfaces...OK
		0 surfaces refined
		Refining peculiar surfaces takes 0.015 s
	Capturing...OK
	Refining...OK
	Capturing...OK
	Base mesh 1 Refining...OK
Building geometry takes 0.75 s
Refining channels...
Refine fluid channels takes		 1.969 s
volref on openings takes		 0 s
OK
Geometry Fluid.0.
Total		76605
Partial	3279
Fluid		72444
Solid		882
Bad		96

/-Ray Intersection---------------/ Time	0.204 s
Calls			6773
CorrectRay Calls	0
Building geometries takes 2.766 s
/----------------------------------------------------/
/---------PostBuilding geometries--------------------/
PostBuilding geometries takes 0 s
/----------------------------------------------------/
mark_bricks_near_vol_refd takes		 0.063 s

/-----------------------------------------------------------/
OPTIMIZATION OF MESHER MEMORY:

	Process memory usage:                 429.992 MB
	Geometries number:                    1
	Optimization:                         off.
/-----------------------------------------------------------/

/-----------------------------------------------------------/
MESH-TP (Thin Profiles) format constructor:
Result:
	Bricks number:                        76605

	Bricks topology:                      100.00 % (76605 success)
	                                        0.00 % (0 failed)

	Memory usage:                         2.448 MB
	Memory usage (per brick):             0.033 KB
	Construction time:                    1.359 s

	Irregular cases:
	----------------
	Corrected x-stack topologies          0
	Removed points connections            0
	Failed a-face constructions           0
	Not found closest point connections   0
	Failed cv-mergings                    0
	Failed T-cells capturing              0
	U-shaped T-head faces                 0

/-----------------------------------------------------------/
/-----------------------------------------------------------/
MESH-TP --> BCF-TP format (Iteration 0):
	BCF cleaner...
	BCF collector...
		Different nb-edge parts numbers       0
	BCF creator...
	Defect cv detector...
		Defect cv                0
	BCF corrector...
		Side normalizations      70
		Corrected cv             0
		Face-a area disbalance   2.90336e-16
	NB-faces collector...
	NB-faces conservator...
		Total occurances         404
		For bb-faces             320
		For u-faces              84
	BCF calculator...
	Defect cv detector...
		Defect cv                0
	Ref-faces data conservator...
	Defect subdomain detector...
		1 fluid subdomain(s).
		0 defect fluid subdomain(s).
			subdomain 0: number of cv=76267 gi=0 
		7 solid subdomain(s).
		0 defect solid subdomain(s).
			subdomain 0: number of cv=2887 gi=1 
			subdomain 1: number of cv=417 gi=1 
			subdomain 2: number of cv=417 gi=1 
			subdomain 3: number of cv=14 gi=1 
			subdomain 4: number of cv=423 gi=1 
			subdomain 5: number of cv=423 gi=1 
			subdomain 6: number of cv=14 gi=1 
/-----------------------------------------------------------/

/-----------------------------------------------------------/
BCF CHECKSUM DATA:

FACE_A Area Sum:   G.Fluid        16.4942537024128200
FACE_A Area Sum:   G.Solid        0.1235841517841806
FACE_W Area Sum:                  0.8918504054033395
FACE_W Nb   Sum:                  59986
CV Max Disbalance: G.Fluid        1.14952e-16 (cid=34032, cvid=33949)
CV Max Disbalance: G.Solid        1.45865e-14 (cid=52384, cvid=79317)
BRICK-CV Volume Disbalance:       1.54058e-16 (cid=58546)
/-----------------------------------------------------------/

AV max fa count:                  18
AV max fw count:                  5

/-----------------------------------------------------------/
MESHER TOPOLOGY DATA:

BRICKS: Total                 76605
BRICKS: 1-CV                  73212
BRICKS: 2-CV                  2773
BRICKS: 3-CV                  424
BRICKS: 4-CV                  160
BRICKS: 5-CV                  28
BRICKS: 6-CV                  4
BRICKS: 7-CV                  4
BRICKS: Bad                   0

CV:     G.Total               80862
CV:     G.Fluid               76267
CV:     G.Solid               4595

CV:     G.Fluid Thin Profile  370
CV:     G.Solid Thin Profile  478

FACE_A: G.Fluid          (af) 222585 (partially opened 8121)
FACE_A: G.Solid          (as) 12031 (partially opened 7979,defined by fluid 4934)

FACE_W: G.Total                 15125       Brick/Bound U-Shaped    T-head      T-Leg
FACE_W: G.Fluid/Solid    (fs_g) 4417        160         56          0           0           
FACE_W: G.Fluid/Fluid    (ff_g) 0           0           0           0           0           
FACE_W: G.Solid/Solid    (ss_g) 0           0           0           0           0           
FACE_W: G.Fluid/External (fe_g) 10708
FACE_W: G.Solid/External (se_g) 0

MEMORY: Total                   15.116 MB
MEMORY: Per Brick               0.202 KB
/-----------------------------------------------------------/

Current CPU = 31 sec
NC_Total = 76605, NC_Ingas = 72388, NC_Inbod = 824, NC_Part+NC_Unres = 3393 / NC_Unres = 0

Nx=36
Ny=34
Nz=59
Max_RL=1
12. Saving initial mesh in: C:\Documents and Settings\mplanchard\My Documents\Test-Flowfolder\Final\2\2.fld .
Storing results...
Estimated CPT size=5.664 MB.
	write_x_stack_list4()...OK
OK
Cleaning memory... OK
Copying... OK
Mesh generation normally finished at	26.2.2009	10:19:48
Mesher CPU = 32 sec
Mesher is finished at	26.2.2009	10:19:48
