Mesh generation started:	18.3.2008	17:2:5
Current CPU = 0 sec
/-----------------------------------------------------------/
Geometries initialization:

CFacesDB3::InitGeometry(0)
Number of geometries: 1
Geometry(0):
	Fluid..
	2 Bodies.
	Tolerance=3.99937e-005.
	64 Faces.
	2070 Triangles.
	58 Reference Faces.
	1819 Reference Triangles.
	44 Plane surface(s).
	16 Cylinder surface(s).
	4 Extrude surface(s).
	Preparing structures for Triangles:
		Hash size: {10, 8, 36}.
		Mesh size: {10, 8, 36}.
		Hashing triangles...Ok.
		Making triangles connectivity...Ok. (0.125 s).
		Neighbour triangles: 100.00 % (good connect) - 0.00 % (bad connect). Min: 3. Max: 3.
		Done.
	Preparing structures for Reference Triangles:
		Hashing triangles...Ok.
Last Geometry:
	Solid.

FacesDB serialize (D:\Formaul 1 C02 Car Project 2008\Initial models\Race Car Design Project SolidWorks Files\Flow_Analysis\fxp2\2.fbd)...OK.
/-----------------------------------------------------------/

Current CPU = 1 sec
COSMOSFloXpress 8 0.0 / 412 / MESHER ver.  

Project: D:\Formaul 1 C02 Car Project 2008\Initial models\Race Car Design Project SolidWorks Files\Flow_Analysis\fxp2\2.fwp
Computer name:	FAMILYROOM
Operating system:	Whistler Service Pack 2 (Build 2600)

SolidWorks 2008 SP2.1

/***************Mesh info************************/
Mesh dimensions:
				I[0 ]=10
				I[1 ]=8
				I[2 ]=36
Capture level			I[10]=1
Cells per gap size		I[13]=7
Max. volume ref.level	I[14]=1
Body boundary ref.level	I[20]=0
Solver refinement level	I[47]=0

Optimize thin walls resolution   On
Thin walls parcon                On

Comp. domain size:
				a[0  ]=-0.1002
				a[1  ]=0.1002
				a[2  ]=-0.05015
				a[3  ]=0.10015
				a[4  ]=-0.49073
				a[5  ]=0.24073
Wall thickness		a[231]=0.15
Gap size			a[232]=0.15
/************************************************/

Professional version
1. Initial memory allocation.
3. Base mesh generation.
Hashing geometries triangles
	Triangles num=1140
	Triangles box={-0.1004  ,0.1004  ,-0.0503003  ,0.1003  ,-0.491461  ,0.241461  }
		3d-hash size is 29184 bytes
		Making triangles connectivity...Ok. (0.031 s).
		Neighbour triangles: 100.00 % (good connect) - 0.00 % (bad connect). Min: 3. Max: 3.
Hashing peculiar surfaces triangles
	Triangles num=2
	Triangles box={-0.1  ,0.1  ,-0.05  ,0.1  ,0.24  ,0.24  }
		3d-hash size is 11916 bytes
	Triangles num=2
	Triangles box={-0.1  ,0.1  ,-0.05  ,0.1  ,-0.49  ,2.22507e-308  }
		3d-hash size is 11916 bytes
/--------Building geometries-------------------------/
Building geometry Fluid.0.(0)...
	Collecting ray's...OK
	Refining by triangulation...OK
		Refining by triangulation takes 0.281 s
	Refining peculiar surfaces...OK
		0 surfaces refined
		Refining peculiar surfaces takes 0.047 s
	Capturing...OK
	Refining...OK
	Capturing...OK
	Base mesh 1 Refining...OK
Building geometry takes 1.375 s
Refining channels...
Refine fluid channels takes		 2.5 s
volref on openings takes		 0 s
OK
Geometry Fluid.0.
Total		7192
Partial	2245
Fluid		4899
Solid		48
Bad		0

/-Ray Intersection---------------/ Time	0.079 s
Calls			1804
CorrectRay Calls	0
Building geometries takes 3.985 s
/----------------------------------------------------/
/---------PostBuilding geometries--------------------/
PostBuilding geometries takes 0 s
/----------------------------------------------------/
mark_bricks_near_vol_refd takes		 0.047 s

/-----------------------------------------------------------/
MESH-TP (Thin Profiles) format constructor:
Result:
	Bricks number:                        7192

	Bricks topology:                      100.00 % (7192 success)
	                                        0.00 % (0 failed)

	Memory usage:                         1.271 MB
	Memory usage (per brick):             0.181 KB
	Construction time:                    0.750 s

	Irregular cases:
	----------------
	Corrected x-stack topologies          0
	Removed points connections            0
	Failed a-face constructions           0
	Not found closest point connections   0
	Failed cv-mergings                    0
	Failed T-cells capturing              0
	U-shaped T-head faces                 0

/-----------------------------------------------------------/
/-----------------------------------------------------------/
MESH-TP --> BCF-TP format (Iteration 0):
	BCF cleaner...
	BCF collector...
		Different nb-edge parts numbers       0
	BCF creator...
	Defect cv detector...
		Defect cv                0
	BCF corrector...
		Side normalizations      8
		Corrected cv             0
		Face-a area disbalance   2.84023e-016
	NB-faces collector...
	NB-faces conservator...
		Total occurances         4
		For bb-faces             4
		For u-faces              0
	Ref-faces data conservator...
	BCF calculator...
	Defect cv detector...
		Defect cv                0
	Defect subdomain detector...
		1 fluid subdomain(s).
		0 defect fluid subdomain(s).
			subdomain 0: number of cv=7152 
		2 solid subdomain(s).
		0 defect solid subdomain(s).
			subdomain 0: number of cv=1903 
			subdomain 1: number of cv=396 
/-----------------------------------------------------------/

/-----------------------------------------------------------/
BCF CHECKSUM DATA:

FACE_A Area Sum:   G.Fluid        3.6849863339336113
FACE_A Area Sum:   G.Solid        0.1026147408445437
FACE_W Area Sum:                  1.1250701697785011
FACE_W Nb   Sum:                  17824
CV Max Disbalance: G.Fluid        7.55562e-017 (cid=6921, cvid=6881)
CV Max Disbalance: G.Solid        6.1941e-016 (cid=6591, cvid=9197)
BRICK-CV Volume Disbalance:       2.2145e-016 (cid=2316)
/-----------------------------------------------------------/


/-----------------------------------------------------------/
MESHER TOPOLOGY DATA:

BRICKS: Total                 7192
BRICKS: 1-CV                  4947
BRICKS: 2-CV                  2231
BRICKS: 3-CV                  14
BRICKS: Bad                   0

CV:     G.Total               9451
CV:     G.Fluid               7152
CV:     G.Solid               2299

CV:     G.Fluid Thin Profile  6
CV:     G.Solid Thin Profile  8

FACE_A: G.Fluid          (af) 20873 (partially opened 4584)
FACE_A: G.Solid          (as) 4835 (partially opened 4590,defined by fluid 623)

FACE_W: G.Total                 4380
FACE_W: G.Fluid/Solid    (fs_g) 2261
FACE_W: G.Fluid/Fluid    (ff_g) 0
FACE_W: G.Solid/Solid    (ss_g) 0
FACE_W: G.Fluid/External (fe_g) 0
FACE_W: G.Solid/External (se_g) 2119

FACE_W: G.Brick/Bound    (bb_g) 2
FACE_W: G.U-Shaped        (u_g) 0
FACE_W: G.T-Head     (t_head_g) 0
FACE_W: G.T-Leg       (t_leg_g) 0

MEMORY: Total                   2.346 MB
MEMORY: Per Brick               0.334 KB
/-----------------------------------------------------------/

Current CPU = 7 sec
NC_Total = 7192, NC_Ingas = 4899, NC_Inbod = 48, NC_Part+NC_Unres = 2245 / NC_Unres = 0

Nx=10
Ny=8
Nz=36
Max_RL=1
12. Saving initial mesh in: D:\Formaul 1 C02 Car Project 2008\Initial models\Race Car Design Project SolidWorks Files\Flow_Analysis\fxp2\2.fld .
Storing results...
	write_x_stack_list4()...OK
OK
Cleaning memory... OK
Copying... OK
Mesh generation normally finished at	18.3.2008	17:2:12
Mesher CPU = 7 sec
Mesher is finished at	18.3.2008	17:2:13
