Mesh generation started:	23.3.2009	17:40:5
Current CPU = 0 sec
/-----------------------------------------------------------/
Geometries initialization:

Geometry database loading ...OK

CFacesDB3::InitGeometry(0)
Number of geometries: 1
Geometry(0):
	Fluid..
	1 Body.
	Tolerance=8.28447e-005.
	14 Faces.
	48 Triangles.
	8 Reference Faces.
	16 Reference Triangles.
	14 Plane surface(s).
	Preparing structures for Triangles:
		Hash size: {86, 8, 2}.
		Mesh size: {86, 8, 1}.
		Hashing triangles...Ok.
		Making triangles connectivity...Ok. (0.000 s).
		Neighbour triangles: 100.00 % (good connect) - 0.00 % (bad connect). Min: 3. Max: 3.
		Done.
	Preparing structures for Reference Triangles:
		Hashing triangles...Ok.
		Making triangles connectivity...Ok. (0.000 s).
		Neighbour triangles: Min: 1. Max: 1.
		Done.
Last Geometry:
	Solid.

FacesDB serialize (E:\Katie\EDU\COSMOSFloWorks Educator Guide\models\completed\expansion channel\1\1.fbd)...OK.
/-----------------------------------------------------------/

Current CPU = 0 sec
Flow Simulation 2009 3.0 / 854 / MESHER ver. efd2009.782_18.11.2008 

Project: E:\Katie\EDU\COSMOSFloWorks Educator Guide\models\completed\expansion channel\1\1.fwp
Computer name:	LA-TRN-JNOVAK32
Operating system:	Microsoft Windows XP Professional Service Pack 2 (Build 2600)

SolidWorks 2009 SP2.0

/***************Mesh info************************/
Mesh dimensions:
				I[0 ]=86
				I[1 ]=8
				I[2 ]=1
Capture level			I[10]=2
Cells per gap size		I[13]=10
Max. volume ref.level	I[14]=2
Body boundary ref.level	I[20]=0
Solver refinement level	I[47]=0

Optimize thin walls resolution   On
Thin walls parcon                On

Comp. domain size:
				a[0  ]=-0.1016
				a[1  ]=1.5016
				a[2  ]=-0.07515
				a[3  ]=0.07515
				a[4  ]=-0.014
				a[5  ]=0.014
Wall thickness		a[231]=0.1
Gap size			a[232]=0.025
/************************************************/

Professional1. Initial memory allocation.
3. Base mesh generation.
Hashing geometries triangles
	Triangles num=48
	Triangles box={-0.103203  ,1.5032  ,-0.0753003  ,0.0753003  ,-0.014028  ,0.014028  }
		3d-hash size is 4296 bytes
		Making triangles connectivity...Ok. (0.000 s).
		Neighbour triangles: 100.00 % (good connect) - 0.00 % (bad connect). Min: 3. Max: 3.
Hashing peculiar surfaces triangles
	Triangles num=2
	Triangles box={-0.1  ,2.22507e-308  ,-0.05  ,0.05  ,-0.05  ,0.05  }
		3d-hash size is 2792 bytes
	Triangles num=2
	Triangles box={1.5  ,1.5  ,-0.075  ,0.075  ,-0.05  ,0.05  }
		3d-hash size is 2808 bytes
Base mesh info------------------
	2D flag  =3
	Period   =[0, 0, 0]
	Nx=86
		x[0]=-0.1016
		x[1]=-0.0829523
		x[2]=-0.0643104
		x[3]=-0.0456686
		x[4]=-0.0270267
		x[5]=-0.00838484
		x[6]=0.010257
		x[7]=0.0288989
		x[8]=0.0475407
		x[9]=0.0661826
		x[10]=0.0848245
		x[11]=0.103466
		x[12]=0.122108
		x[13]=0.14075
		x[14]=0.159392
		x[15]=0.178034
		x[16]=0.196676
		x[17]=0.215317
		x[18]=0.233959
		x[19]=0.252601
		x[20]=0.271243
		x[21]=0.289885
		x[22]=0.308527
		x[23]=0.327169
		x[24]=0.345811
		x[25]=0.364452
		x[26]=0.383094
		x[27]=0.401736
		x[28]=0.420378
		x[29]=0.43902
		x[30]=0.457662
		x[31]=0.476304
		x[32]=0.494945
		x[33]=0.513587
		x[34]=0.532229
		x[35]=0.550871
		x[36]=0.569513
		x[37]=0.588155
		x[38]=0.606797
		x[39]=0.625438
		x[40]=0.64408
		x[41]=0.662722
		x[42]=0.681364
		x[43]=0.700006
		x[44]=0.718648
		x[45]=0.73729
		x[46]=0.755931
		x[47]=0.774573
		x[48]=0.793215
		x[49]=0.811857
		x[50]=0.830499
		x[51]=0.849141
		x[52]=0.867783
		x[53]=0.886424
		x[54]=0.905066
		x[55]=0.923708
		x[56]=0.94235
		x[57]=0.960992
		x[58]=0.979634
		x[59]=0.998276
		x[60]=1.01692
		x[61]=1.03556
		x[62]=1.0542
		x[63]=1.07284
		x[64]=1.09148
		x[65]=1.11013
		x[66]=1.12877
		x[67]=1.14741
		x[68]=1.16605
		x[69]=1.18469
		x[70]=1.20334
		x[71]=1.22198
		x[72]=1.24062
		x[73]=1.25926
		x[74]=1.2779
		x[75]=1.29655
		x[76]=1.31519
		x[77]=1.33383
		x[78]=1.35247
		x[79]=1.37111
		x[80]=1.38975
		x[81]=1.4084
		x[82]=1.42704
		x[83]=1.44568
		x[84]=1.46432
		x[85]=1.48296
		x[86]=1.5016
	Ny=8
		y[0]=-0.07515
		y[1]=-0.0563574
		y[2]=-0.0375699
		y[3]=-0.0187824
		y[4]=5.10558e-006
		y[5]=0.0187926
		y[6]=0.0375801
		y[7]=0.0563676
		y[8]=0.07515
	Nz=1
		z[0]=-0.014
		z[1]=0.014
End of base mesh info---------
Input_mesh_settings--------------------------------
Settings 0----------------
	Scope: GLOBAL
	Type:	------MESHER_SETTINGS----------
	RefAllCells           =0
	RefFluidCells         =0
	RefPartCells          =0
	RefSolidCells         =0
	l_SSFR(Capture crit)  =2
	l_curv(Curvature crit)=0
	l_tol(Tolerance crit) =2
	  k_tol               =0.00625
	UseChannelRef         =1
	  l_NCR               =2
	  N_gap               =10
	  Use d_NCR_min       =0
	  Use d_NCR_max       =0
	--END_OF_MESHER_SETTINGS-------
End of input mesh settings-------------------------
/--------Building geometries-------------------------/
Building geometry Fluid.0.(0)...
	Collecting ray's...OK
	Refining by triangulation...OK
		Refining by triangulation takes 0.031 s
	Refining peculiar surfaces...OK
		0 surfaces refined
		Refining peculiar surfaces takes 0.016 s
	Capturing...OK
	Refining...OK
	Capturing...OK
	Base mesh 1 Refining...OK
Building geometry takes 0.187 s
Refining channels...
Refine fluid channels takes		 0.172 s
volref on openings takes		 0 s
OK
Geometry Fluid.0.
Total		3194
Partial	732
Fluid		2452
Solid		10
Bad		0

/-Ray Intersection---------------/ Time	0.000 s
Calls			570
CorrectRay Calls	0
Building geometries takes 0.406 s
/----------------------------------------------------/
/---------PostBuilding geometries--------------------/
PostBuilding geometries takes 0 s
/----------------------------------------------------/
Check for symmetry in 2D plane...OK
mark_bricks_near_vol_refd takes		 0 s

/-----------------------------------------------------------/
OPTIMIZATION OF MESHER MEMORY:

	Process memory usage:                 327.555 MB
	Geometries number:                    1
	Optimization:                         off.
/-----------------------------------------------------------/

/-----------------------------------------------------------/
MESH-TP (Thin Profiles) format constructor:
Result:
	Bricks number:                        3194

	Bricks topology:                      100.00 % (3194 success)
	                                        0.00 % (0 failed)

	Memory usage:                         0.417 MB
	Memory usage (per brick):             0.134 KB
	Construction time:                    0.047 s

	Irregular cases:
	----------------
	Corrected x-stack topologies          0
	Removed points connections            0
	Failed a-face constructions           0
	Not found closest point connections   0
	Failed cv-mergings                    0
	Failed T-cells capturing              0
	U-shaped T-head faces                 0

/-----------------------------------------------------------/
/-----------------------------------------------------------/
MESH-TP --> BCF-TP format (Iteration 0):
	BCF cleaner...
	BCF collector...
		Different nb-edge parts numbers       0
	BCF creator...
	Defect cv detector...
		Defect cv                0
	BCF corrector...
		Side normalizations      0
		Corrected cv             0
		Face-a area disbalance   2.07713e-016
	NB-faces collector...
	NB-faces conservator...
		Total occurances         0
		For bb-faces             0
		For u-faces              0
	BCF calculator...
	Defect cv detector...
		Defect cv                0
	Ref-faces data conservator...
	Defect subdomain detector...
		1 fluid subdomain(s).
		0 defect fluid subdomain(s).
			subdomain 0: number of cv=3184 gi=0 
		1 solid subdomain(s).
		0 defect solid subdomain(s).
			subdomain 0: number of cv=742 gi=1 
/-----------------------------------------------------------/

/-----------------------------------------------------------/
BCF CHECKSUM DATA:

FACE_A Area Sum:   G.Fluid        1.1528085771199990
FACE_A Area Sum:   G.Solid        0.0197088350573083
FACE_W Area Sum:                  0.6774185979852850
FACE_W Nb   Sum:                  23880
CV Max Disbalance: G.Fluid        9.64005e-017 (cid=2548, cvid=2538)
CV Max Disbalance: G.Solid        4.8516e-017 (cid=3189, cvid=3922)
BRICK-CV Volume Disbalance:       1.72748e-016 (cid=686)
/-----------------------------------------------------------/

AV max fa count:                  10
AV max fw count:                  4

/-----------------------------------------------------------/
MESHER TOPOLOGY DATA:

BRICKS: Total                 3194
BRICKS: 1-CV                  2462
BRICKS: 2-CV                  732
BRICKS: Bad                   0

CV:     G.Total               3926
CV:     G.Fluid               3184
CV:     G.Solid               742

CV:     G.Fluid Thin Profile  0
CV:     G.Solid Thin Profile  0

FACE_A: G.Fluid          (af) 7676 (partially opened 1097)
FACE_A: G.Solid          (as) 1153 (partially opened 1097,defined by fluid 0)

FACE_W: G.Total                 5696        Brick/Bound U-Shaped    T-head      T-Leg
FACE_W: G.Fluid/Solid    (fs_g) 732         0           0           0           0           
FACE_W: G.Fluid/Fluid    (ff_g) 0           0           0           0           0           
FACE_W: G.Solid/Solid    (ss_g) 0           0           0           0           0           
FACE_W: G.Fluid/External (fe_g) 3504
FACE_W: G.Solid/External (se_g) 1460

MEMORY: Total                   1.274 MB
MEMORY: Per Brick               0.408 KB
/-----------------------------------------------------------/

Current CPU = 1 sec
NC_Total = 3194, NC_Ingas = 2452, NC_Inbod = 10, NC_Part+NC_Unres = 732 / NC_Unres = 0

Nx=86
Ny=8
Nz=1
Max_RL=1
12. Saving initial mesh in: E:\Katie\EDU\COSMOSFloWorks Educator Guide\models\completed\expansion channel\1\1.fld .
Storing results...
Estimated CPT size=0.497 MB.
	write_x_stack_list4()...OK
OK
Cleaning memory... OK
Copying... OK
Mesh generation normally finished at	23.3.2009	17:40:6
Mesher CPU = 1 sec
Mesher is finished at	23.3.2009	17:40:6
