Mesh generation started:	23.3.2009	17:26:36
Current CPU = 0 sec
/-----------------------------------------------------------/
Geometries initialization:

Geometry database loading ...OK

CFacesDB3::InitGeometry(0)
Number of geometries: 1
Geometry(0):
	Fluid..
	1 Body.
	Tolerance=5.23862e-005.
	15 Faces.
	3948 Triangles.
	9 Reference Faces.
	3526 Reference Triangles.
	8 Plane surface(s).
	3 Cylinder surface(s).
	4 Sphere surface(s).
	Preparing structures for Triangles:
		Hash size: {40, 16, 16}.
		Mesh size: {40, 4, 8}.
		Hashing triangles...Ok.
		Making triangles connectivity...Ok. (0.032 s).
		Neighbour triangles: 100.00 % (good connect) - 0.00 % (bad connect). Min: 3. Max: 3.
		Done.
	Preparing structures for Reference Triangles:
		Hashing triangles...Ok.
		Making triangles connectivity...Ok. (0.032 s).
		Neighbour triangles: Min: 1. Max: 3.
		Done.
Last Geometry:
	Solid.

FacesDB serialize (E:\Katie\EDU\COSMOSFloWorks Educator Guide\models\completed\valve\1\1.fbd)...OK.
/-----------------------------------------------------------/

Current CPU = 1 sec
Flow Simulation 2009 3.0 / 854 / MESHER ver. efd2009.782_18.11.2008 

Project: E:\Katie\EDU\COSMOSFloWorks Educator Guide\models\completed\valve\1\1.fwp
Computer name:	LA-TRN-JNOVAK32
Operating system:	Microsoft Windows XP Professional Service Pack 2 (Build 2600)

SolidWorks 2009 SP2.0

/***************Mesh info************************/
Mesh dimensions:
				I[0 ]=40
				I[1 ]=4
				I[2 ]=8
Capture level			I[10]=1
Cells per gap size		I[13]=5
Max. volume ref.level	I[14]=2
Body boundary ref.level	I[20]=0
Solver refinement level	I[47]=0

Optimize thin walls resolution   On
Thin walls parcon                On

Comp. domain size:
				a[0  ]=-0.240708
				a[1  ]=0.720708
				a[2  ]=-0.0553041
				a[3  ]=0.0553041
				a[4  ]=-0.0896724
				a[5  ]=0.0896724
Wall thickness		a[231]=0.110608
Gap size			a[232]=0.04
/************************************************/

Professional1. Initial memory allocation.
3. Base mesh generation.
Hashing geometries triangles
	Triangles num=1244
	Triangles box={-0.241669  ,0.721669  ,-0.0554147  ,0.0554147  ,-0.0898518  ,0.0898518  }
		3d-hash size is 36380 bytes
		Making triangles connectivity...Ok. (0.015 s).
		Neighbour triangles: 100.00 % (good connect) - 0.00 % (bad connect). Min: 3. Max: 3.
Hashing peculiar surfaces triangles
	Triangles num=31
	Triangles box={-0.239748  ,2.22507e-308  ,-0.0551312  ,0.0551312  ,-0.0549438  ,0.0551937  }
		3d-hash size is 5824 bytes
	Triangles num=31
	Triangles box={0.719748  ,0.719748  ,-0.0551312  ,0.0551312  ,-0.0551937  ,0.0549438  }
		3d-hash size is 5824 bytes
Base mesh info------------------
	2D flag  =0
	Period   =[0, 0, 0]
	Nx=40
		x[0]=-0.240708
		x[1]=-0.216665
		x[2]=-0.19263
		x[3]=-0.168594
		x[4]=-0.144559
		x[5]=-0.120523
		x[6]=-0.096488
		x[7]=-0.0724526
		x[8]=-0.0484172
		x[9]=-0.0243818
		x[10]=-0.000346441
		x[11]=0.023689
		x[12]=0.0477244
		x[13]=0.0717598
		x[14]=0.0957952
		x[15]=0.119831
		x[16]=0.143866
		x[17]=0.167901
		x[18]=0.191937
		x[19]=0.215972
		x[20]=0.240008
		x[21]=0.264043
		x[22]=0.288078
		x[23]=0.312114
		x[24]=0.336149
		x[25]=0.360185
		x[26]=0.38422
		x[27]=0.408255
		x[28]=0.432291
		x[29]=0.456326
		x[30]=0.480362
		x[31]=0.504397
		x[32]=0.528432
		x[33]=0.552468
		x[34]=0.576503
		x[35]=0.600539
		x[36]=0.624574
		x[37]=0.648609
		x[38]=0.672645
		x[39]=0.69668
		x[40]=0.720708
	Ny=4
		y[0]=-0.0553041
		y[1]=-0.0276445
		y[2]=7.51456e-006
		y[3]=0.0276596
		y[4]=0.0553041
	Nz=8
		z[0]=-0.0896724
		z[1]=-0.0672492
		z[2]=-0.0448311
		z[3]=-0.0224129
		z[4]=5.16077e-006
		z[5]=0.0224233
		z[6]=0.0448414
		z[7]=0.0672595
		z[8]=0.0896724
End of base mesh info---------
Input_mesh_settings--------------------------------
Settings 0----------------
	Scope: GLOBAL
	Type:	------MESHER_SETTINGS----------
	RefAllCells           =0
	RefFluidCells         =0
	RefPartCells          =0
	RefSolidCells         =0
	l_SSFR(Capture crit)  =1
	l_curv(Curvature crit)=0
	l_tol(Tolerance crit) =1
	  k_tol               =0.01
	UseChannelRef         =1
	  l_NCR               =2
	  N_gap               =5
	  Use d_NCR_min       =0
	  Use d_NCR_max       =0
	--END_OF_MESHER_SETTINGS-------
End of input mesh settings-------------------------
/--------Building geometries-------------------------/
Building geometry Fluid.0.(0)...
	Collecting ray's...OK
	Refining by triangulation...OK
		Refining by triangulation takes 0.047 s
	Refining peculiar surfaces...OK
		0 surfaces refined
		Refining peculiar surfaces takes 0 s
	Capturing...OK
	Refining...OK
	Capturing...OK
	Base mesh 1 Refining...OK
Building geometry takes 0.297 s
Refining channels...
Refine fluid channels takes		 1.473 s
volref on openings takes		 0 s
OK
Geometry Fluid.0.
Total		7909
Partial	3483
Fluid		2024
Solid		2402
Bad		14

/-Ray Intersection---------------/ Time	0.094 s
Calls			2709
CorrectRay Calls	0
Building geometries takes 1.833 s
/----------------------------------------------------/
/---------PostBuilding geometries--------------------/
PostBuilding geometries takes 0 s
/----------------------------------------------------/
mark_bricks_near_vol_refd takes		 0.063 s

/-----------------------------------------------------------/
OPTIMIZATION OF MESHER MEMORY:

	Process memory usage:                 328.680 MB
	Geometries number:                    1
	Optimization:                         off.
/-----------------------------------------------------------/

/-----------------------------------------------------------/
MESH-TP (Thin Profiles) format constructor:
Result:
	Bricks number:                        7909

	Bricks topology:                      100.00 % (7909 success)
	                                        0.00 % (0 failed)

	Memory usage:                         1.984 MB
	Memory usage (per brick):             0.257 KB
	Construction time:                    0.596 s

	Irregular cases:
	----------------
	Corrected x-stack topologies          0
	Removed points connections            0
	Failed a-face constructions           0
	Not found closest point connections   0
	Failed cv-mergings                    0
	Failed T-cells capturing              0
	U-shaped T-head faces                 0

/-----------------------------------------------------------/
/-----------------------------------------------------------/
MESH-TP --> BCF-TP format (Iteration 0):
	BCF cleaner...
	BCF collector...
		Different nb-edge parts numbers       0
	BCF creator...
	Defect cv detector...
		Defect cv                0
	BCF corrector...
		Side normalizations      23
		Corrected cv             8
		Face-a area disbalance   3.49795e-016
	NB-faces collector...
	NB-faces conservator...
		Total occurances         148
		For bb-faces             148
		For u-faces              0
	BCF calculator...
	Defect cv detector...
		Defect cv                0
	Ref-faces data conservator...
	Defect subdomain detector...
		1 fluid subdomain(s).
		0 defect fluid subdomain(s).
			subdomain 0: number of cv=5525 gi=0 
		1 solid subdomain(s).
		0 defect solid subdomain(s).
			subdomain 0: number of cv=5967 gi=1 
/-----------------------------------------------------------/

/-----------------------------------------------------------/
BCF CHECKSUM DATA:

FACE_A Area Sum:   G.Fluid        1.7407797796756297
FACE_A Area Sum:   G.Solid        1.6721112203730886
FACE_W Area Sum:                  0.9644369090296090
FACE_W Nb   Sum:                  26404
CV Max Disbalance: G.Fluid        1.02201e-016 (cid=7429, cvid=5421)
CV Max Disbalance: G.Solid        1.02494e-012 (cid=312, cvid=5835)
BRICK-CV Volume Disbalance:       1.13729e-016 (cid=5844)
/-----------------------------------------------------------/

AV max fa count:                  17
AV max fw count:                  3

/-----------------------------------------------------------/
MESHER TOPOLOGY DATA:

BRICKS: Total                 7909
BRICKS: 1-CV                  4426
BRICKS: 2-CV                  3383
BRICKS: 3-CV                  100
BRICKS: Bad                   0

CV:     G.Total               11492
CV:     G.Fluid               5525
CV:     G.Solid               5967

CV:     G.Fluid Thin Profile  82
CV:     G.Solid Thin Profile  18

FACE_A: G.Fluid          (af) 15631 (partially opened 7098)
FACE_A: G.Solid          (as) 15737 (partially opened 7315,defined by fluid 3767)

FACE_W: G.Total                 6538        Brick/Bound U-Shaped    T-head      T-Leg
FACE_W: G.Fluid/Solid    (fs_g) 3657        74          0           0           0           
FACE_W: G.Fluid/Fluid    (ff_g) 0           0           0           0           0           
FACE_W: G.Solid/Solid    (ss_g) 0           0           0           0           0           
FACE_W: G.Fluid/External (fe_g) 0
FACE_W: G.Solid/External (se_g) 2881

MEMORY: Total                   3.126 MB
MEMORY: Per Brick               0.405 KB
/-----------------------------------------------------------/

Current CPU = 5 sec
NC_Total = 7909, NC_Ingas = 2024, NC_Inbod = 2402, NC_Part+NC_Unres = 3483 / NC_Unres = 0

Nx=40
Ny=4
Nz=8
Max_RL=2
12. Saving initial mesh in: E:\Katie\EDU\COSMOSFloWorks Educator Guide\models\completed\valve\1\1.fld .
Storing results...
Estimated CPT size=1.238 MB.
	write_x_stack_list4()...OK
OK
Cleaning memory... OK
Copying... OK
Mesh generation normally finished at	23.3.2009	17:26:41
Mesher CPU = 5 sec
Mesher is finished at	23.3.2009	17:26:41
