2008.09.30 16:06 B C:\Documents and Settings\mplanchard\Desktop\VEX Protobot\BATTERY-STRAP.SLDPRT <--  /VEX Protobot BATTERY-STRAP.SLDPRT
2008.09.30 16:06 B C:\Documents and Settings\mplanchard\Desktop\VEX Protobot\BEAM-0500.SLDPRT <--  /VEX Protobot BEAM-0500.SLDPRT
2008.09.30 16:06 B C:\Documents and Settings\mplanchard\Desktop\VEX Protobot\BEAM-1000.SLDPRT <--  /VEX Protobot BEAM-1000.SLDPRT
2008.09.30 16:06 B C:\Documents and Settings\mplanchard\Desktop\VEX Protobot\BEAM-2000.SLDPRT <--  /VEX Protobot BEAM-2000.SLDPRT
2008.09.30 16:06 B C:\Documents and Settings\mplanchard\Desktop\VEX Protobot\BEAM-3000.SLDPRT <--  /VEX Protobot BEAM-3000.SLDPRT
2008.09.30 16:06 B C:\Documents and Settings\mplanchard\Desktop\VEX Protobot\BEARING-FLAT.SLDPRT <--  /VEX Protobot BEARING-FLAT.SLDPRT
2008.09.30 16:06 B C:\Documents and Settings\mplanchard\Desktop\VEX Protobot\BEARING-RIVET.SLDPRT <--  /VEX Protobot BEARING-RIVET.SLDPRT
2008.09.30 16:06 B C:\Documents and Settings\mplanchard\Desktop\VEX Protobot\CLUTCH-POST.SLDPRT <--  /VEX Protobot CLUTCH-POST.SLDPRT
2008.09.30 16:06 B C:\Documents and Settings\mplanchard\Desktop\VEX Protobot\NUT-832-KEPS.SLDPRT <--  /VEX Protobot NUT-832-KEPS.SLDPRT
2008.09.30 16:06 B C:\Documents and Settings\mplanchard\Desktop\VEX Protobot\ROBOT-BATTERY.SLDPRT <--  /VEX Protobot ROBOT-BATTERY.SLDPRT
2008.09.30 16:06 B C:\Documents and Settings\mplanchard\Desktop\VEX Protobot\SCREW-832-0250.SLDPRT <--  /VEX Protobot SCREW-832-0250.SLDPRT
2008.09.30 16:06 B C:\Documents and Settings\mplanchard\Desktop\VEX Protobot\SCREW-832-0500.SLDPRT <--  /VEX Protobot SCREW-832-0500.SLDPRT
2008.09.30 16:06 B C:\Documents and Settings\mplanchard\Desktop\VEX Protobot\SHAFT-2000.SLDPRT <--  /VEX Protobot SHAFT-2000.SLDPRT
2008.09.30 16:06 B C:\Documents and Settings\mplanchard\Desktop\VEX Protobot\SHAFT-3000.SLDPRT <--  /VEX Protobot SHAFT-3000.SLDPRT
2008.09.30 16:06 B C:\Documents and Settings\mplanchard\Desktop\VEX Protobot\SHAFT-4000.SLDPRT <--  /VEX Protobot SHAFT-4000.SLDPRT
2008.09.30 16:06 B C:\Documents and Settings\mplanchard\Desktop\VEX Protobot\SHAFT-Collar.SLDPRT <--  /VEX Protobot SHAFT-Collar.SLDPRT
2008.09.30 16:07 B C:\Documents and Settings\mplanchard\Desktop\VEX Protobot\SPACER-THICK.SLDPRT <--  /VEX Protobot SPACER-THICK.SLDPRT
2008.09.30 16:07 B C:\Documents and Settings\mplanchard\Desktop\VEX Protobot\SPACER-THIN.SLDPRT <--  /VEX Protobot SPACER-THIN.SLDPRT
2008.09.30 16:07 B C:\Documents and Settings\mplanchard\Desktop\VEX Protobot\VEX Protobot.SLDASM <--  /VEX Protobot VEX Protobot.SLDASM
2008.09.30 16:07 B C:\Documents and Settings\mplanchard\Desktop\VEX Protobot\VEX-12-TOOTH-GEAR.SLDPRT <--  /VEX Protobot VEX-12-TOOTH-GEAR.SLDPRT
2008.09.30 16:07 B C:\Documents and Settings\mplanchard\Desktop\VEX Protobot\VEX-36-TOOTH-GEAR.SLDPRT <--  /VEX Protobot VEX-36-TOOTH-GEAR.SLDPRT
2008.09.30 16:07 B C:\Documents and Settings\mplanchard\Desktop\VEX Protobot\VEX-60-TOOTH-GEAR.SLDPRT <--  /VEX Protobot VEX-60-TOOTH-GEAR.SLDPRT
2008.09.30 16:07 B C:\Documents and Settings\mplanchard\Desktop\VEX Protobot\VEX-84-TOOTH-GEAR.SLDPRT <--  /VEX Protobot VEX-84-TOOTH-GEAR.SLDPRT
2008.09.30 16:07 B C:\Documents and Settings\mplanchard\Desktop\VEX Protobot\VL-ANG-22-15 RevA.SLDPRT <--  /VEX Protobot VL-ANG-22-15 RevA.SLDPRT
2008.09.30 16:08 B C:\Documents and Settings\mplanchard\Desktop\VEX Protobot\VL-BAR-25- bent.SLDPRT <--  /VEX Protobot VL-BAR-25- bent.SLDPRT
2008.09.30 16:08 B C:\Documents and Settings\mplanchard\Desktop\VEX Protobot\VL-CHAN-121-15 RevA.SLDPRT <--  /VEX Protobot VL-CHAN-121-15 RevA.SLDPRT
2008.09.30 16:08 B C:\Documents and Settings\mplanchard\Desktop\VEX Protobot\VL-CHAN-121-25 RevA.SLDPRT <--  /VEX Protobot VL-CHAN-121-25 RevA.SLDPRT
2008.09.30 16:08 B C:\Documents and Settings\mplanchard\Desktop\VEX Protobot\VL-PLATE-5-15 RevA.SLDPRT <--  /VEX Protobot VL-PLATE-5-15 RevA.SLDPRT
2008.09.30 16:08 B C:\Documents and Settings\mplanchard\Desktop\VEX Protobot\VL-RAIL-21-16 RevA.SLDPRT <--  /VEX Protobot VL-RAIL-21-16 RevA.SLDPRT
