Mesh generation started:	26.2.2009	9:32:23
Current CPU = 0 sec
/-----------------------------------------------------------/
Geometries initialization:

CFacesDB3::InitGeometry(0)
Number of geometries: 1
Geometry(0):
	Fluid..
	7 Bodies.
	Tolerance=1.29264e-005.
	1180 Faces.
	53032 Triangles.
	1180 Reference Faces.
	51912 Reference Triangles.
	579 Plane surface(s).
	37 Cylinder surface(s).
	28 Torus surface(s).
	536 Extrude surface(s).
	Preparing structures for Triangles:
		Hash size: {34, 68, 62}.
		Mesh size: {34, 34, 62}.
		Hashing triangles...Ok.
		Making triangles connectivity...Ok. (1.250 s).
		Neighbour triangles: 100.00 % (good connect) - 0.00 % (bad connect). Min: 3. Max: 3.
		Done.
	Preparing structures for Reference Triangles:
		Hashing triangles...Ok.
		Making triangles connectivity...Ok. (0.734 s).
		Neighbour triangles: Min: 1. Max: 3.
		Done.
Last Geometry:
	Solid.

FacesDB serialize (C:\Documents and Settings\mplanchard\My Documents\Test-Flowfolder\Final\1\1.fbd)...OK.
/-----------------------------------------------------------/

Current CPU = 15 sec
Flow Simulation 2009 0.0 / 706 / MESHER ver. efd2009.677_05.08.2008 

Project: C:\Documents and Settings\mplanchard\My Documents\Test-Flowfolder\Final\1\1.fwp
Computer name:	MKT-MPLANC3-SWK
Operating system:	Microsoft Windows XP Professional Service Pack 2 (Build 2600)

SolidWorks 2009 SP0.0

/***************Mesh info************************/
Mesh dimensions:
				I[0 ]=34
				I[1 ]=34
				I[2 ]=62
Capture level			I[10]=1
Cells per gap size		I[13]=7
Max. volume ref.level	I[14]=1
Body boundary ref.level	I[20]=0
Solver refinement level	I[47]=0

Optimize thin walls resolution   On
Thin walls parcon                On

Comp. domain size:
				a[0  ]=-0.16
				a[1  ]=0.16
				a[2  ]=-0.15
				a[3  ]=0.15
				a[4  ]=-0.21
				a[5  ]=0.31
Wall thickness		a[231]=0.056
Gap size			a[232]=0.056
/************************************************/

Standart version
1. Initial memory allocation.
3. Base mesh generation.
Hashing geometries triangles
	Triangles num=23656
	Triangles box={-0.0591  ,0.0591  ,-0.00599755  ,0.05  ,0  ,0.223  }
		3d-hash size is 438720 bytes
		Making triangles connectivity...Ok. (0.516 s).
		Neighbour triangles: 100.00 % (good connect) - 0.00 % (bad connect). Min: 3. Max: 3.
Hashing peculiar surfaces triangles
Base mesh info------------------
	2D flag  =0
	Period   =[0, 0, 0]
	Nx=34
		x[0]=-0.16
		x[1]=-0.147383
		x[2]=-0.135376
		x[3]=-0.123946
		x[4]=-0.113065
		x[5]=-0.102706
		x[6]=-0.0928455
		x[7]=-0.083458
		x[8]=-0.0745215
		x[9]=-0.0660142
		x[10]=-0.0579155
		x[11]=-0.0498166
		x[12]=-0.0416601
		x[13]=-0.0334454
		x[14]=-0.0251722
		x[15]=-0.0168401
		x[16]=-0.0084486
		x[17]=2.65421e-006
		x[18]=0.00845389
		x[19]=0.0168453
		x[20]=0.0251774
		x[21]=0.0334506
		x[22]=0.0416652
		x[23]=0.0498217
		x[24]=0.0579205
		x[25]=0.0660194
		x[26]=0.074527
		x[27]=0.0834638
		x[28]=0.0928515
		x[29]=0.102713
		x[30]=0.113072
		x[31]=0.123953
		x[32]=0.135384
		x[33]=0.147391
		x[34]=0.16
	Ny=34
		y[0]=-0.15
		y[1]=-0.137242
		y[2]=-0.125018
		y[3]=-0.113301
		y[4]=-0.102071
		y[5]=-0.0913075
		y[6]=-0.080991
		y[7]=-0.0711031
		y[8]=-0.0616259
		y[9]=-0.0525423
		y[10]=-0.043836
		y[11]=-0.0354914
		y[12]=-0.0274934
		y[13]=-0.0198276
		y[14]=-0.0124803
		y[15]=-0.00543809
		y[16]=0.00160418
		y[17]=0.00852347
		y[18]=0.015322
		y[19]=0.0220018
		y[20]=0.0286817
		y[21]=0.0354803
		y[22]=0.0423996
		y[23]=0.0494419
		y[24]=0.0564842
		y[25]=0.0638855
		y[26]=0.0716642
		y[27]=0.0798394
		y[28]=0.0884313
		y[29]=0.0974612
		y[30]=0.106951
		y[31]=0.116925
		y[32]=0.127408
		y[33]=0.138425
		y[34]=0.15
	Nz=62
		z[0]=-0.21
		z[1]=-0.19762
		z[2]=-0.1859
		z[3]=-0.174804
		z[4]=-0.164297
		z[5]=-0.154349
		z[6]=-0.144929
		z[7]=-0.13601
		z[8]=-0.127565
		z[9]=-0.119569
		z[10]=-0.111998
		z[11]=-0.104427
		z[12]=-0.0968463
		z[13]=-0.0892559
		z[14]=-0.081656
		z[15]=-0.0740464
		z[16]=-0.0664271
		z[17]=-0.0587983
		z[18]=-0.0511597
		z[19]=-0.0435115
		z[20]=-0.0358537
		z[21]=-0.0281861
		z[22]=-0.0205088
		z[23]=-0.0128218
		z[24]=-0.00512509
		z[25]=0.00258138
		z[26]=0.0102976
		z[27]=0.0180236
		z[28]=0.0257594
		z[29]=0.0335049
		z[30]=0.0412603
		z[31]=0.0490255
		z[32]=0.0568005
		z[33]=0.0645853
		z[34]=0.07238
		z[35]=0.0801846
		z[36]=0.0879991
		z[37]=0.0958234
		z[38]=0.103658
		z[39]=0.111502
		z[40]=0.119346
		z[41]=0.127237
		z[42]=0.135175
		z[43]=0.14316
		z[44]=0.151193
		z[45]=0.159274
		z[46]=0.167403
		z[47]=0.17558
		z[48]=0.183806
		z[49]=0.192081
		z[50]=0.200405
		z[51]=0.208779
		z[52]=0.217203
		z[53]=0.225677
		z[54]=0.234202
		z[55]=0.242727
		z[56]=0.251507
		z[57]=0.26055
		z[58]=0.269865
		z[59]=0.279459
		z[60]=0.289341
		z[61]=0.299519
		z[62]=0.31
End of base mesh info---------
Input_mesh_settings--------------------------------
Settings 0----------------
	Scope: GLOBAL
	Type:MANUAL
	------MESHER_SETTINGS----------
	RefAllCells           =0
	RefFluidCells         =0
	RefPartCells          =0
	RefSolidCells         =0
	l_SSFR(Capture crit)  =1
	l_curv(Curvature crit)=0
	l_tol(Tolerance crit) =0
	UseChannelRef         =1
	  l_NCR               =1
	  N_gap               =7
	  Use d_NCR_min       =0
	  Use d_NCR_max       =0
	--END_OF_MESHER_SETTINGS-------
End of input mesh settings-------------------------
/--------Building geometries-------------------------/
Building geometry Fluid.0.(0)...
	Collecting ray's...OK
	Refining by triangulation...OK
		Refining by triangulation takes 0.094 s
	Refining peculiar surfaces...OK
		0 surfaces refined
		Refining peculiar surfaces takes 0 s
	Capturing...OK
	Refining...OK
	Capturing...OK
	Base mesh 1 Refining...OK
Building geometry takes 0.703 s
Refining channels...
Refine fluid channels takes		 1.625 s
volref on openings takes		 0 s
OK
Geometry Fluid.0.
Total		76663
Partial	3407
Fluid		71112
Solid		2144
Bad		48

/-Ray Intersection---------------/ Time	0.109 s
Calls			6984
CorrectRay Calls	0
Building geometries takes 2.375 s
/----------------------------------------------------/
/---------PostBuilding geometries--------------------/
PostBuilding geometries takes 0 s
/----------------------------------------------------/
mark_bricks_near_vol_refd takes		 0.078 s

/-----------------------------------------------------------/
OPTIMIZATION OF MESHER MEMORY:

	Process memory usage:                 152.188 MB
	Geometries number:                    1
	Optimization:                         off.
/-----------------------------------------------------------/

/-----------------------------------------------------------/
MESH-TP (Thin Profiles) format constructor:
Result:
	Bricks number:                        76663

	Bricks topology:                      100.00 % (76663 success)
	                                        0.00 % (0 failed)

	Memory usage:                         2.517 MB
	Memory usage (per brick):             0.034 KB
	Construction time:                    0.922 s

	Irregular cases:
	----------------
	Corrected x-stack topologies          0
	Removed points connections            0
	Failed a-face constructions           0
	Not found closest point connections   0
	Failed cv-mergings                    0
	Failed T-cells capturing              0
	U-shaped T-head faces                 0

/-----------------------------------------------------------/
/-----------------------------------------------------------/
MESH-TP --> BCF-TP format (Iteration 0):
	BCF cleaner...
	BCF collector...
		Different nb-edge parts numbers       0
	BCF creator...
	Defect cv detector...
		Defect cv                0
	BCF corrector...
		Side normalizations      62
		Corrected cv             2
		Face-a area disbalance   4.08868e-016
	NB-faces collector...
	NB-faces conservator...
		Total occurances         464
		For bb-faces             304
		For u-faces              160
	BCF calculator...
	Defect cv detector...
		Defect cv                0
	Ref-faces data conservator...
	Defect subdomain detector...
		1 fluid subdomain(s).
		0 defect fluid subdomain(s).
			subdomain 0: number of cv=75173 gi=0 
		7 solid subdomain(s).
		0 defect solid subdomain(s).
			subdomain 0: number of cv=4163 gi=1 
			subdomain 1: number of cv=420 gi=1 
			subdomain 2: number of cv=416 gi=1 
			subdomain 3: number of cv=24 gi=1 
			subdomain 4: number of cv=406 gi=1 
			subdomain 5: number of cv=408 gi=1 
			subdomain 6: number of cv=24 gi=1 
/-----------------------------------------------------------/

/-----------------------------------------------------------/
BCF CHECKSUM DATA:

FACE_A Area Sum:   G.Fluid        16.2834361345100510
FACE_A Area Sum:   G.Solid        0.3371868245890589
FACE_W Area Sum:                  0.9213216599877292
FACE_W Nb   Sum:                  60634
CV Max Disbalance: G.Fluid        1.31046e-016 (cid=37603, cvid=37146)
CV Max Disbalance: G.Solid        3.81349e-014 (cid=56192, cvid=79407)
BRICK-CV Volume Disbalance:       2.42449e-016 (cid=32669)
/-----------------------------------------------------------/

AV max fa count:                  15
AV max fw count:                  5

/-----------------------------------------------------------/
MESHER TOPOLOGY DATA:

BRICKS: Total                 76663
BRICKS: 1-CV                  73100
BRICKS: 2-CV                  2979
BRICKS: 3-CV                  418
BRICKS: 4-CV                  110
BRICKS: 5-CV                  54
BRICKS: 6-CV                  2
BRICKS: Bad                   0

CV:     G.Total               81034
CV:     G.Fluid               75173
CV:     G.Solid               5861

CV:     G.Fluid Thin Profile  248
CV:     G.Solid Thin Profile  552

FACE_A: G.Fluid          (af) 219278 (partially opened 8564)
FACE_A: G.Solid          (as) 15979 (partially opened 7986,defined by fluid 5436)

FACE_W: G.Total                 15267       Brick/Bound U-Shaped    T-head      T-Leg
FACE_W: G.Fluid/Solid    (fs_g) 4523        152         80          0           0           
FACE_W: G.Fluid/Fluid    (ff_g) 0           0           0           0           0           
FACE_W: G.Solid/Solid    (ss_g) 0           0           0           0           0           
FACE_W: G.Fluid/External (fe_g) 10744
FACE_W: G.Solid/External (se_g) 0

MEMORY: Total                   15.172 MB
MEMORY: Per Brick               0.203 KB
/-----------------------------------------------------------/

Current CPU = 22 sec
NC_Total = 76663, NC_Ingas = 71050, NC_Inbod = 2050, NC_Part+NC_Unres = 3563 / NC_Unres = 0

Nx=34
Ny=34
Nz=62
Max_RL=1
12. Saving initial mesh in: C:\Documents and Settings\mplanchard\My Documents\Test-Flowfolder\Final\1\1.fld .
Storing results...
Estimated CPT size=5.692 MB.
	write_x_stack_list4()...OK
OK
Cleaning memory... OK
Copying... OK
Mesh generation normally finished at	26.2.2009	9:32:45
Mesher CPU = 22 sec
Mesher is finished at	26.2.2009	9:32:45
