Mesh generation started:	23.3.2009	16:34:50
Current CPU = 0 sec
/-----------------------------------------------------------/
Geometries initialization:

Geometry database loading ...OK

CFacesDB3::InitGeometry(0)
Number of geometries: 1
Geometry(0):
	Fluid..
	1 Body.
	Tolerance=5.23862e-05.
	9 Faces.
	96 Triangles.
	3 Reference Faces.
	76 Reference Triangles.
	8 Plane surface(s).
	1 Cylinder surface(s).
	Preparing structures for Triangles:
		Hash size: {42, 2, 4}.
		Mesh size: {42, 2, 2}.
		Hashing triangles...Ok.
		Making triangles connectivity...Ok. (0.000 s).
		Neighbour triangles: 100.00 % (good connect) - 0.00 % (bad connect). Min: 3. Max: 3.
		Done.
	Preparing structures for Reference Triangles:
		Hashing triangles...Ok.
		Making triangles connectivity...Ok. (0.000 s).
		Neighbour triangles: Min: 1. Max: 2.
		Done.
Last Geometry:
	Solid.

FacesDB serialize (E:\Katie\EDU\COSMOSFloWorks Educator Guide\models\completed\valve\2\2.fbd)...OK.
/-----------------------------------------------------------/

Current CPU = 1 sec
Flow Simulation 2009 3.0 / 854 / MESHER ver. efd2009.782_18.11.2008 

Project: E:\Katie\EDU\COSMOSFloWorks Educator Guide\models\completed\valve\2\2.fwp
Computer name:	LA-TRN-JNOVAK32
Operating system:	Microsoft Windows XP Professional Service Pack 2 (Build 2600)

SolidWorks 2009 SP2.0

/***************Mesh info************************/
Mesh dimensions:
				I[0 ]=42
				I[1 ]=2
				I[2 ]=2
Capture level			I[10]=1
Cells per gap size		I[13]=5
Max. volume ref.level	I[14]=1
Body boundary ref.level	I[20]=0
Solver refinement level	I[47]=0

Optimize thin walls resolution   On
Thin walls parcon                On

Comp. domain size:
				a[0  ]=-0.240708
				a[1  ]=0.720708
				a[2  ]=0
				a[3  ]=0.0553041
				a[4  ]=0
				a[5  ]=0.0553041
Wall thickness		a[231]=0.110608
Gap size			a[232]=0.110608
/************************************************/

Professional1. Initial memory allocation.
3. Base mesh generation.
Hashing geometries triangles
	Triangles num=56
	Triangles box={-0.241669  ,0.721669  ,-5.53041e-05  ,0.0553594  ,-5.53041e-05  ,0.0553594  }
		3d-hash size is 4224 bytes
		Making triangles connectivity...Ok. (0.000 s).
		Neighbour triangles: 100.00 % (good connect) - 0.00 % (bad connect). Min: 3. Max: 3.
Hashing peculiar surfaces triangles
	Triangles num=31
	Triangles box={-0.239748  ,2.22507e-308  ,-0.0551312  ,0.0551312  ,-0.0549438  ,0.0551937  }
		3d-hash size is 784 bytes
	Triangles num=31
	Triangles box={0.719748  ,0.719748  ,-0.0551312  ,0.0551312  ,-0.0551937  ,0.0549438  }
		3d-hash size is 904 bytes
Base mesh info------------------
	2D flag  =0
	Period   =[0, 0, 0]
	Nx=42
		x[0]=-0.240708
		x[1]=-0.21781
		x[2]=-0.194919
		x[3]=-0.172028
		x[4]=-0.149137
		x[5]=-0.126247
		x[6]=-0.103356
		x[7]=-0.0804648
		x[8]=-0.0575739
		x[9]=-0.0346831
		x[10]=-0.0117922
		x[11]=0.0110986
		x[12]=0.0339895
		x[13]=0.0568803
		x[14]=0.0797712
		x[15]=0.102662
		x[16]=0.125553
		x[17]=0.148444
		x[18]=0.171335
		x[19]=0.194225
		x[20]=0.217116
		x[21]=0.240007
		x[22]=0.262898
		x[23]=0.285789
		x[24]=0.30868
		x[25]=0.331571
		x[26]=0.354461
		x[27]=0.377352
		x[28]=0.400243
		x[29]=0.423134
		x[30]=0.446025
		x[31]=0.468916
		x[32]=0.491807
		x[33]=0.514697
		x[34]=0.537588
		x[35]=0.560479
		x[36]=0.58337
		x[37]=0.606261
		x[38]=0.629152
		x[39]=0.652043
		x[40]=0.674933
		x[41]=0.697824
		x[42]=0.720708
	Ny=2
		y[0]=0
		y[1]=0.0276596
		y[2]=0.0553041
	Nz=2
		z[0]=0
		z[1]=0.0276584
		z[2]=0.0553041
End of base mesh info---------
Input_mesh_settings--------------------------------
Settings 0----------------
	Scope: GLOBAL
	Type:	------MESHER_SETTINGS----------
	RefAllCells           =0
	RefFluidCells         =0
	RefPartCells          =0
	RefSolidCells         =0
	l_SSFR(Capture crit)  =1
	l_curv(Curvature crit)=0
	l_tol(Tolerance crit) =0
	UseChannelRef         =1
	  l_NCR               =1
	  N_gap               =5
	  Use d_NCR_min       =0
	  Use d_NCR_max       =0
	--END_OF_MESHER_SETTINGS-------
End of input mesh settings-------------------------
/--------Building geometries-------------------------/
Building geometry Fluid.0.(0)...
	Collecting ray's...OK
	Refining by triangulation...OK
		Refining by triangulation takes 0.016 s
	Refining peculiar surfaces...OK
		0 surfaces refined
		Refining peculiar surfaces takes 0 s
	Capturing...OK
	Refining...OK
	Capturing...OK
	Base mesh 1 Refining...OK
Building geometry takes 0.218 s
Refining channels...
Refine fluid channels takes		 0.219 s
volref on openings takes		 0 s
OK
Geometry Fluid.0.
Total		1050
Partial	598
Fluid		368
Solid		84
Bad		0

/-Ray Intersection---------------/ Time	0.016 s
Calls			872
CorrectRay Calls	0
Building geometries takes 0.468 s
/----------------------------------------------------/
/---------PostBuilding geometries--------------------/
PostBuilding geometries takes 0 s
/----------------------------------------------------/
mark_bricks_near_vol_refd takes		 0 s

/-----------------------------------------------------------/
OPTIMIZATION OF MESHER MEMORY:

	Process memory usage:                 104.438 MB
	Geometries number:                    1
	Optimization:                         off.
/-----------------------------------------------------------/

/-----------------------------------------------------------/
MESH-TP (Thin Profiles) format constructor:
Result:
	Bricks number:                        1050

	Bricks topology:                      100.00 % (1050 success)
	                                        0.00 % (0 failed)

	Memory usage:                         0.334 MB
	Memory usage (per brick):             0.326 KB
	Construction time:                    0.125 s

	Irregular cases:
	----------------
	Corrected x-stack topologies          0
	Removed points connections            0
	Failed a-face constructions           0
	Not found closest point connections   0
	Failed cv-mergings                    0
	Failed T-cells capturing              0
	U-shaped T-head faces                 0

/-----------------------------------------------------------/
/-----------------------------------------------------------/
MESH-TP --> BCF-TP format (Iteration 0):
	BCF cleaner...
	BCF collector...
		Different nb-edge parts numbers       0
	BCF creator...
	Defect cv detector...
		Defect cv                0
	BCF corrector...
		Side normalizations      0
		Corrected cv             0
		Face-a area disbalance   1.71386e-16
	NB-faces collector...
	NB-faces conservator...
		Total occurances         0
		For bb-faces             0
		For u-faces              0
	BCF calculator...
	Defect cv detector...
		Defect cv                0
	Ref-faces data conservator...
	Defect subdomain detector...
		1 fluid subdomain(s).
		0 defect fluid subdomain(s).
			subdomain 0: number of cv=966 gi=0 
		1 solid subdomain(s).
		0 defect solid subdomain(s).
			subdomain 0: number of cv=682 gi=1 
/-----------------------------------------------------------/

/-----------------------------------------------------------/
BCF CHECKSUM DATA:

FACE_A Area Sum:   G.Fluid        0.3749907015678700
FACE_A Area Sum:   G.Solid        0.1125752670754782
FACE_W Area Sum:                  0.3054319398889087
FACE_W Nb   Sum:                  7834
CV Max Disbalance: G.Fluid        7.90599e-17 (cid=513, cvid=513)
CV Max Disbalance: G.Solid        1.40071e-16 (cid=883, cvid=1481)
BRICK-CV Volume Disbalance:       1.93731e-16 (cid=1046)
/-----------------------------------------------------------/

AV max fa count:                  10
AV max fw count:                  4

/-----------------------------------------------------------/
MESHER TOPOLOGY DATA:

BRICKS: Total                 1050
BRICKS: 1-CV                  452
BRICKS: 2-CV                  598
BRICKS: Bad                   0

CV:     G.Total               1648
CV:     G.Fluid               966
CV:     G.Solid               682

CV:     G.Fluid Thin Profile  0
CV:     G.Solid Thin Profile  0

FACE_A: G.Fluid          (af) 2466 (partially opened 1109)
FACE_A: G.Solid          (as) 1360 (partially opened 1109,defined by fluid 82)

FACE_W: G.Total                 1892        Brick/Bound U-Shaped    T-head      T-Leg
FACE_W: G.Fluid/Solid    (fs_g) 598         0           0           0           0           
FACE_W: G.Fluid/Fluid    (ff_g) 0           0           0           0           0           
FACE_W: G.Solid/Solid    (ss_g) 0           0           0           0           0           
FACE_W: G.Fluid/External (fe_g) 420
FACE_W: G.Solid/External (se_g) 874

MEMORY: Total                   0.548 MB
MEMORY: Per Brick               0.534 KB
/-----------------------------------------------------------/

Current CPU = 2 sec
NC_Total = 1050, NC_Ingas = 368, NC_Inbod = 84, NC_Part+NC_Unres = 598 / NC_Unres = 0

Nx=42
Ny=2
Nz=2
Max_RL=1
12. Saving initial mesh in: E:\Katie\EDU\COSMOSFloWorks Educator Guide\models\completed\valve\2\2.fld .
Storing results...
Estimated CPT size=0.225 MB.
	write_x_stack_list4()...OK
OK
Cleaning memory... OK
Copying... OK
Mesh generation normally finished at	23.3.2009	16:34:52
Mesher CPU = 2 sec
Mesher is finished at	23.3.2009	16:34:52
